{"time":"2019-04-11T05:49:58.079Z","env":"LOCAL","level":"info","message":"Instanced Server","charCount":16}
{"time":"2019-04-11T05:49:58.083Z","env":"LOCAL","level":"error","message":"Domain Lost cannot Find TypeError: Cannot read property 'length' of undefined","charCount":77}
{"time":"2019-04-11T05:49:58.088Z","env":"LOCAL","level":"info","message":"Admin Server : Start Listening at 9000","charCount":38}
{"time":"2019-04-11T05:49:58.088Z","env":"LOCAL","level":"info","message":"Mockable Server : Start Listening at 3000","charCount":41}
{"time":"2019-04-11T05:50:55.358Z","env":"LOCAL","level":"error","message":"Domains are empty DataError: Can't find dataPath: /domains. Stopped at domains","charCount":78}
{"time":"2019-04-11T05:50:55.380Z","env":"LOCAL","level":"info","message":"Instanced Server","charCount":16}
{"time":"2019-04-11T05:50:55.381Z","env":"LOCAL","level":"error","message":"Domain List cannot Find DataError: Can't find dataPath: /domains. Stopped at domains","charCount":84}
{"time":"2019-04-11T05:50:55.382Z","env":"LOCAL","level":"info","message":"Admin Server : Start Listening at 9000","charCount":38}
{"time":"2019-04-11T05:50:55.382Z","env":"LOCAL","level":"info","message":"Mockable Server : Start Listening at 3000","charCount":41}
{"time":"2019-04-11T05:51:20.858Z","env":"LOCAL","level":"info","message":"Logged User : {\"userId\":\"c5cd64d0-5c1d-11e9-a67b-1b158a12324c\",\"username\":\"user\",\"action\":true}","charCount":95}
{"time":"2019-04-11T05:51:20.859Z","env":"LOCAL","level":"info","message":"Need To Reset Default Password","charCount":30}
{"time":"2019-04-11T05:51:20.867Z","env":"LOCAL","level":"info","message":"Logged In : user","charCount":16}
{"time":"2019-04-11T05:51:28.780Z","env":"LOCAL","level":"error","message":"Retrive Domain Data {Error: DataError: Can't find dataPath: /domains. Stopped at domains}","charCount":89}
{"time":"2019-04-11T05:51:33.133Z","env":"LOCAL","level":"info","message":"Domain Saved {name: /QA}","charCount":24}
{"time":"2019-04-11T05:51:33.145Z","env":"LOCAL","level":"info","message":"Load Domains : [{\"domain\":\"/QA\",\"paths\":[]}]","charCount":44}
{"time":"2019-04-11T05:51:34.436Z","env":"LOCAL","level":"info","message":"Domain Edit View Loaded {name: {\"domains\":[{\"domain\":\"/QA\",\"paths\":[]}],\"editable\":{\"domain\":\"/QA\",\"paths\":[]},\"id\":\"0\",\"_locals\":{}}}","charCount":134}
{"time":"2019-04-11T05:52:15.112Z","env":"LOCAL","level":"info","message":"Instanced Server","charCount":16}
{"time":"2019-04-11T05:52:15.117Z","env":"LOCAL","level":"info","message":"Admin Server : Start Listening at 9000","charCount":38}
{"time":"2019-04-11T05:52:15.117Z","env":"LOCAL","level":"info","message":"Mockable Server : Start Listening at 3000","charCount":41}
{"time":"2019-04-11T05:52:17.419Z","env":"LOCAL","level":"info","message":"Load Domains : [{\"domain\":\"/QA\",\"paths\":[]}]","charCount":44}
{"time":"2019-04-11T05:52:18.478Z","env":"LOCAL","level":"info","message":"Domain Edit View Loaded {name: {\"domains\":[{\"domain\":\"/QA\",\"paths\":[]}],\"editable\":{\"domain\":\"/QA\",\"paths\":[]},\"id\":\"0\",\"status\":\"Started\",\"_locals\":{}}}","charCount":153}
{"time":"2019-04-11T05:52:24.310Z","env":"LOCAL","level":"info","message":"Domain View {Id: 0,domains:{\"domainName\":\"/QA\",\"domainId\":\"0\",\"endpoints\":[]}}","charCount":78}
{"time":"2019-04-11T05:52:25.428Z","env":"LOCAL","level":"info","message":"Domain New Path View {Id: 0,domains:{\"domainName\":\"/QA\",\"domainId\":\"0\"}}","charCount":72}
{"time":"2019-04-11T05:52:28.738Z","env":"LOCAL","level":"info","message":"Endpoint Created {Domain: /QA,Endpoint info: {\"path\":\"/a\",\"method\":\"get\",\"header\":{\"Content-Type\":\"application/json\"},\"body\":\" a\"}}","charCount":131}
{"time":"2019-04-11T05:52:28.739Z","env":"LOCAL","level":"info","message":"Domain New Path Added {Id: 0,domains:{\"path\":\"/a\",\"method\":\"get\",\"header\":{\"Content-Type\":\"application/json\"},\"body\":\" a\"}}","charCount":123}
{"time":"2019-04-11T05:52:28.762Z","env":"LOCAL","level":"info","message":"Domain View {Id: 0,domains:{\"domainName\":\"/QA\",\"domainId\":\"0\",\"endpoints\":[{\"path\":\"/a\",\"method\":\"get\",\"header\":{\"Content-Type\":\"application/json\"},\"body\":\" a\"}]}}","charCount":163}
{"time":"2019-04-11T05:55:43.744Z","env":"LOCAL","level":"info","message":"Instanced Server","charCount":16}
{"time":"2019-04-11T05:55:43.748Z","env":"LOCAL","level":"info","message":"Apply Endpoint : /QA/a","charCount":22}
{"time":"2019-04-11T05:55:43.748Z","env":"LOCAL","level":"info","message":"Endpoint Created {Domain: /QA,Endpoint info: {\"path\":\"/a\",\"method\":\"get\",\"header\":{\"Content-Type\":\"application/json\"},\"body\":\" a\"}}","charCount":131}
{"time":"2019-04-11T05:55:43.749Z","env":"LOCAL","level":"info","message":"Admin Server : Start Listening at 9000","charCount":38}
{"time":"2019-04-11T05:55:43.750Z","env":"LOCAL","level":"info","message":"Mockable Server : Start Listening at 3000","charCount":41}
{"time":"2019-04-11T05:55:50.472Z","env":"LOCAL","level":"info","message":"Logged User : {\"userId\":\"c5cd64d0-5c1d-11e9-a67b-1b158a12324c\",\"username\":\"user\",\"action\":true}","charCount":95}
{"time":"2019-04-11T05:55:50.473Z","env":"LOCAL","level":"info","message":"Need To Reset Default Password","charCount":30}
{"time":"2019-04-11T05:55:50.483Z","env":"LOCAL","level":"info","message":"Logged In : user","charCount":16}
{"time":"2019-04-11T05:56:08.826Z","env":"LOCAL","level":"info","message":"Load Domains : [{\"domain\":\"/QA\",\"paths\":[{\"path\":\"/a\",\"method\":\"get\",\"header\":{\"Content-Type\":\"application/json\"},\"body\":\" a\"}]}]","charCount":129}
{"time":"2019-04-11T05:56:24.080Z","env":"LOCAL","level":"info","message":"Instanced Server","charCount":16}
{"time":"2019-04-11T05:56:24.084Z","env":"LOCAL","level":"info","message":"Apply Endpoint : /QA/a","charCount":22}
{"time":"2019-04-11T05:56:24.084Z","env":"LOCAL","level":"info","message":"Endpoint Created {Domain: /QA,Endpoint info: {\"path\":\"/a\",\"method\":\"get\",\"header\":{\"Content-Type\":\"application/json\"},\"body\":\" a\"}}","charCount":131}
{"time":"2019-04-11T05:56:24.086Z","env":"LOCAL","level":"info","message":"Admin Server : Start Listening at 9000","charCount":38}
{"time":"2019-04-11T05:56:24.087Z","env":"LOCAL","level":"info","message":"Mockable Server : Start Listening at 3000","charCount":41}
{"time":"2019-04-11T05:56:26.264Z","env":"LOCAL","level":"info","message":"Load Domains : [{\"domain\":\"/QA\",\"paths\":[{\"path\":\"/a\",\"method\":\"get\",\"header\":{\"Content-Type\":\"application/json\"},\"body\":\" a\"}]}]","charCount":129}
{"time":"2019-04-11T06:01:40.774Z","env":"LOCAL","level":"error","message":"Domains are empty DataError: Can't find dataPath: /domains. Stopped at domains","charCount":78}
{"time":"2019-04-11T06:01:40.796Z","env":"LOCAL","level":"info","message":"Instanced Server","charCount":16}
{"time":"2019-04-11T06:01:40.797Z","env":"LOCAL","level":"error","message":"Domain List cannot Find DataError: Can't find dataPath: /domains. Stopped at domains","charCount":84}
{"time":"2019-04-11T06:01:40.799Z","env":"LOCAL","level":"info","message":"Admin Server : Start Listening at 9000","charCount":38}
{"time":"2019-04-11T06:01:40.799Z","env":"LOCAL","level":"info","message":"Mockable Server : Start Listening at 3000","charCount":41}
{"time":"2019-04-11T06:01:57.202Z","env":"LOCAL","level":"info","message":"Logged User : {\"userId\":556677,\"username\":\"user\",\"action\":true}","charCount":63}
{"time":"2019-04-11T06:01:57.202Z","env":"LOCAL","level":"info","message":"Need To Reset Default Password","charCount":30}
{"time":"2019-04-11T06:01:57.208Z","env":"LOCAL","level":"info","message":"Logged In : user","charCount":16}
{"time":"2019-04-11T06:02:01.478Z","env":"LOCAL","level":"error","message":"Retrive Domain Data {Error: DataError: Can't find dataPath: /domains. Stopped at domains}","charCount":89}
{"time":"2019-04-11T06:03:13.840Z","env":"LOCAL","level":"info","message":"Logged User : {\"userId\":556677,\"username\":\"user\",\"action\":true}","charCount":63}
{"time":"2019-04-11T06:03:13.840Z","env":"LOCAL","level":"info","message":"Need To Reset Default Password","charCount":30}
{"time":"2019-04-11T06:03:13.843Z","env":"LOCAL","level":"info","message":"Logged In : user","charCount":16}
{"time":"2019-04-11T06:03:19.941Z","env":"LOCAL","level":"error","message":"Retrive Domain Data {Error: DataError: Can't find dataPath: /domains. Stopped at domains}","charCount":89}
{"time":"2019-04-11T06:03:54.997Z","env":"LOCAL","level":"error","message":"Domains are empty DataError: Can't find dataPath: /domains. Stopped at domains","charCount":78}
{"time":"2019-04-11T06:03:55.019Z","env":"LOCAL","level":"info","message":"Instanced Server","charCount":16}
{"time":"2019-04-11T06:03:55.020Z","env":"LOCAL","level":"error","message":"Domain List cannot Find DataError: Can't find dataPath: /domains. Stopped at domains","charCount":84}
{"time":"2019-04-11T06:03:55.022Z","env":"LOCAL","level":"info","message":"Admin Server : Start Listening at 9000","charCount":38}
{"time":"2019-04-11T06:03:55.022Z","env":"LOCAL","level":"info","message":"Mockable Server : Start Listening at 3000","charCount":41}
{"time":"2019-04-11T06:04:05.867Z","env":"LOCAL","level":"error","message":"Domains are empty DataError: Can't find dataPath: /domains. Stopped at domains","charCount":78}
{"time":"2019-04-11T06:04:05.893Z","env":"LOCAL","level":"info","message":"Instanced Server","charCount":16}
{"time":"2019-04-11T06:04:05.894Z","env":"LOCAL","level":"error","message":"Domain List cannot Find DataError: Can't find dataPath: /domains. Stopped at domains","charCount":84}
{"time":"2019-04-11T06:04:05.896Z","env":"LOCAL","level":"info","message":"Admin Server : Start Listening at 9000","charCount":38}
{"time":"2019-04-11T06:04:05.896Z","env":"LOCAL","level":"info","message":"Mockable Server : Start Listening at 3000","charCount":41}
{"time":"2019-04-11T06:04:15.981Z","env":"LOCAL","level":"info","message":"Logged User : {\"userId\":556677,\"username\":\"user\",\"action\":true}","charCount":63}
{"time":"2019-04-11T06:04:15.982Z","env":"LOCAL","level":"info","message":"Need To Reset Default Password","charCount":30}
{"time":"2019-04-11T06:04:15.992Z","env":"LOCAL","level":"info","message":"Logged In : user","charCount":16}
{"time":"2019-04-11T06:04:21.596Z","env":"LOCAL","level":"error","message":"Retrive Domain Data {Error: DataError: Can't find dataPath: /domains. Stopped at domains}","charCount":89}
{"time":"2019-04-11T06:04:30.473Z","env":"LOCAL","level":"info","message":"Logged User : {\"userId\":null,\"username\":\"user\",\"action\":false}","charCount":62}
{"time":"2019-04-11T06:04:30.474Z","env":"LOCAL","level":"info","message":"Not Valid User : {\"userId\":null,\"username\":\"user\",\"action\":false}","charCount":65}
