{"time":"2019-04-09T19:10:48.059Z","env":"LOCAL","level":"info","message":"Instanced Server","charCount":16}
{"time":"2019-04-09T19:10:48.063Z","env":"LOCAL","level":"info","message":"Apply Endpoint : /Dev/a","charCount":23}
{"time":"2019-04-09T19:10:48.064Z","env":"LOCAL","level":"info","message":"Endpoint Created {Domain: /Dev,Endpoint info: {\"path\":\"/a\",\"method\":\"get\",\"header\":{\"Content-Type\":\"application/json\"},\"body\":\"Hello\"}}","charCount":135}
{"time":"2019-04-09T19:10:48.068Z","env":"LOCAL","level":"info","message":"Admin Server : Start Listening at 9000","charCount":38}
{"time":"2019-04-09T19:10:48.069Z","env":"LOCAL","level":"info","message":"Mockable Server : Start Listening at 3000","charCount":41}
{"time":"2019-04-09T19:25:21.866Z","env":"LOCAL","level":"info","message":"Instanced Server","charCount":16}
{"time":"2019-04-09T19:26:12.299Z","env":"LOCAL","level":"info","message":"Instanced Server","charCount":16}
{"time":"2019-04-09T19:27:30.009Z","env":"LOCAL","level":"info","message":"Instanced Server","charCount":16}
{"time":"2019-04-09T19:27:50.265Z","env":"LOCAL","level":"info","message":"Instanced Server","charCount":16}
{"time":"2019-04-09T19:28:07.881Z","env":"LOCAL","level":"info","message":"Instanced Server","charCount":16}
{"time":"2019-04-09T19:29:58.650Z","env":"LOCAL","level":"info","message":"Instanced Server","charCount":16}
{"time":"2019-04-09T19:29:58.654Z","env":"LOCAL","level":"info","message":"Apply Endpoint : /Dev/a","charCount":23}
{"time":"2019-04-09T19:29:58.654Z","env":"LOCAL","level":"info","message":"Endpoint Created {Domain: /Dev,Endpoint info: {\"path\":\"/a\",\"method\":\"get\",\"header\":{\"Content-Type\":\"application/json\"},\"body\":\"Hello\"}}","charCount":135}
{"time":"2019-04-09T19:29:58.656Z","env":"LOCAL","level":"info","message":"Admin Server : Start Listening at 9000","charCount":38}
{"time":"2019-04-09T19:29:58.656Z","env":"LOCAL","level":"info","message":"Mockable Server : Start Listening at 3000","charCount":41}
{"time":"2019-04-09T19:30:28.928Z","env":"LOCAL","level":"info","message":"Instanced Server","charCount":16}
{"time":"2019-04-09T19:30:28.932Z","env":"LOCAL","level":"info","message":"Apply Endpoint : /Dev/a","charCount":23}
{"time":"2019-04-09T19:30:28.933Z","env":"LOCAL","level":"info","message":"Endpoint Created {Domain: /Dev,Endpoint info: {\"path\":\"/a\",\"method\":\"get\",\"header\":{\"Content-Type\":\"application/json\"},\"body\":\"Hello\"}}","charCount":135}
{"time":"2019-04-09T19:30:28.934Z","env":"LOCAL","level":"info","message":"Admin Server : Start Listening at 9000","charCount":38}
{"time":"2019-04-09T19:30:28.934Z","env":"LOCAL","level":"info","message":"Mockable Server : Start Listening at 3000","charCount":41}
{"time":"2019-04-09T19:40:17.125Z","env":"LOCAL","level":"info","message":"Instanced Server","charCount":16}
{"time":"2019-04-09T19:40:17.129Z","env":"LOCAL","level":"info","message":"Apply Endpoint : /Dev/a","charCount":23}
{"time":"2019-04-09T19:40:17.130Z","env":"LOCAL","level":"info","message":"Endpoint Created {Domain: /Dev,Endpoint info: {\"path\":\"/a\",\"method\":\"get\",\"header\":{\"Content-Type\":\"application/json\"},\"body\":\"Hello\"}}","charCount":135}
{"time":"2019-04-09T19:40:17.131Z","env":"LOCAL","level":"info","message":"Admin Server : Start Listening at 9000","charCount":38}
{"time":"2019-04-09T19:40:17.131Z","env":"LOCAL","level":"info","message":"Mockable Server : Start Listening at 3000","charCount":41}
{"time":"2019-04-09T19:41:25.465Z","env":"LOCAL","level":"info","message":"Instanced Server","charCount":16}
{"time":"2019-04-09T19:41:25.470Z","env":"LOCAL","level":"info","message":"Apply Endpoint : /Dev/a","charCount":23}
{"time":"2019-04-09T19:41:25.471Z","env":"LOCAL","level":"info","message":"Endpoint Created {Domain: /Dev,Endpoint info: {\"path\":\"/a\",\"method\":\"get\",\"header\":{\"Content-Type\":\"application/json\"},\"body\":\"Hello\"}}","charCount":135}
{"time":"2019-04-09T19:41:25.472Z","env":"LOCAL","level":"info","message":"Admin Server : Start Listening at 9000","charCount":38}
{"time":"2019-04-09T19:41:25.472Z","env":"LOCAL","level":"info","message":"Mockable Server : Start Listening at 3000","charCount":41}
{"time":"2019-04-09T19:41:58.070Z","env":"LOCAL","level":"info","message":"Instanced Server","charCount":16}
{"time":"2019-04-09T19:41:58.074Z","env":"LOCAL","level":"info","message":"Apply Endpoint : /Dev/a","charCount":23}
{"time":"2019-04-09T19:41:58.075Z","env":"LOCAL","level":"info","message":"Endpoint Created {Domain: /Dev,Endpoint info: {\"path\":\"/a\",\"method\":\"get\",\"header\":{\"Content-Type\":\"application/json\"},\"body\":\"Hello\"}}","charCount":135}
{"time":"2019-04-09T19:41:58.076Z","env":"LOCAL","level":"info","message":"Admin Server : Start Listening at 9000","charCount":38}
{"time":"2019-04-09T19:41:58.076Z","env":"LOCAL","level":"info","message":"Mockable Server : Start Listening at 3000","charCount":41}
{"time":"2019-04-09T19:42:52.524Z","env":"LOCAL","level":"info","message":"Instanced Server","charCount":16}
{"time":"2019-04-09T19:42:52.528Z","env":"LOCAL","level":"info","message":"Apply Endpoint : /Dev/a","charCount":23}
{"time":"2019-04-09T19:42:52.529Z","env":"LOCAL","level":"info","message":"Endpoint Created {Domain: /Dev,Endpoint info: {\"path\":\"/a\",\"method\":\"get\",\"header\":{\"Content-Type\":\"application/json\"},\"body\":\"Hello\"}}","charCount":135}
{"time":"2019-04-09T19:42:52.531Z","env":"LOCAL","level":"info","message":"Admin Server : Start Listening at 9000","charCount":38}
{"time":"2019-04-09T19:42:52.531Z","env":"LOCAL","level":"info","message":"Mockable Server : Start Listening at 3000","charCount":41}
{"time":"2019-04-09T19:44:40.917Z","env":"LOCAL","level":"info","message":"Instanced Server","charCount":16}
{"time":"2019-04-09T19:44:40.921Z","env":"LOCAL","level":"info","message":"Apply Endpoint : /Dev/a","charCount":23}
{"time":"2019-04-09T19:44:40.922Z","env":"LOCAL","level":"info","message":"Endpoint Created {Domain: /Dev,Endpoint info: {\"path\":\"/a\",\"method\":\"get\",\"header\":{\"Content-Type\":\"application/json\"},\"body\":\"Hello\"}}","charCount":135}
{"time":"2019-04-09T19:44:40.923Z","env":"LOCAL","level":"info","message":"Admin Server : Start Listening at 9000","charCount":38}
{"time":"2019-04-09T19:44:40.924Z","env":"LOCAL","level":"info","message":"Mockable Server : Start Listening at 3000","charCount":41}
{"time":"2019-04-09T19:45:08.564Z","env":"LOCAL","level":"info","message":"Instanced Server","charCount":16}
{"time":"2019-04-09T19:45:08.569Z","env":"LOCAL","level":"info","message":"Apply Endpoint : /Dev/a","charCount":23}
{"time":"2019-04-09T19:45:08.569Z","env":"LOCAL","level":"info","message":"Endpoint Created {Domain: /Dev,Endpoint info: {\"path\":\"/a\",\"method\":\"get\",\"header\":{\"Content-Type\":\"application/json\"},\"body\":\"Hello\"}}","charCount":135}
{"time":"2019-04-09T19:45:08.571Z","env":"LOCAL","level":"info","message":"Admin Server : Start Listening at 9000","charCount":38}
{"time":"2019-04-09T19:45:08.572Z","env":"LOCAL","level":"info","message":"Mockable Server : Start Listening at 3000","charCount":41}
{"time":"2019-04-09T19:45:53.602Z","env":"LOCAL","level":"info","message":"Instanced Server","charCount":16}
{"time":"2019-04-09T19:45:53.606Z","env":"LOCAL","level":"info","message":"Apply Endpoint : /Dev/a","charCount":23}
{"time":"2019-04-09T19:45:53.607Z","env":"LOCAL","level":"info","message":"Endpoint Created {Domain: /Dev,Endpoint info: {\"path\":\"/a\",\"method\":\"get\",\"header\":{\"Content-Type\":\"application/json\"},\"body\":\"Hello\"}}","charCount":135}
{"time":"2019-04-09T19:45:53.608Z","env":"LOCAL","level":"info","message":"Admin Server : Start Listening at 9000","charCount":38}
{"time":"2019-04-09T19:45:53.609Z","env":"LOCAL","level":"info","message":"Mockable Server : Start Listening at 3000","charCount":41}
{"time":"2019-04-09T19:47:09.166Z","env":"LOCAL","level":"info","message":"Instanced Server","charCount":16}
{"time":"2019-04-09T19:47:09.171Z","env":"LOCAL","level":"info","message":"Apply Endpoint : /Dev/a","charCount":23}
{"time":"2019-04-09T19:47:09.171Z","env":"LOCAL","level":"info","message":"Endpoint Created {Domain: /Dev,Endpoint info: {\"path\":\"/a\",\"method\":\"get\",\"header\":{\"Content-Type\":\"application/json\"},\"body\":\"Hello\"}}","charCount":135}
{"time":"2019-04-09T19:47:09.172Z","env":"LOCAL","level":"info","message":"Admin Server : Start Listening at 9000","charCount":38}
{"time":"2019-04-09T19:47:09.173Z","env":"LOCAL","level":"info","message":"Mockable Server : Start Listening at 3000","charCount":41}
{"time":"2019-04-09T19:47:17.462Z","env":"LOCAL","level":"info","message":"Instanced Server","charCount":16}
{"time":"2019-04-09T19:47:17.466Z","env":"LOCAL","level":"info","message":"Apply Endpoint : /Dev/a","charCount":23}
{"time":"2019-04-09T19:47:17.467Z","env":"LOCAL","level":"info","message":"Endpoint Created {Domain: /Dev,Endpoint info: {\"path\":\"/a\",\"method\":\"get\",\"header\":{\"Content-Type\":\"application/json\"},\"body\":\"Hello\"}}","charCount":135}
{"time":"2019-04-09T19:47:17.468Z","env":"LOCAL","level":"info","message":"Admin Server : Start Listening at 9000","charCount":38}
{"time":"2019-04-09T19:47:17.468Z","env":"LOCAL","level":"info","message":"Mockable Server : Start Listening at 3000","charCount":41}
{"time":"2019-04-09T19:52:02.287Z","env":"LOCAL","level":"info","message":"Instanced Server","charCount":16}
{"time":"2019-04-09T19:52:02.291Z","env":"LOCAL","level":"info","message":"Apply Endpoint : /Dev/a","charCount":23}
{"time":"2019-04-09T19:52:02.292Z","env":"LOCAL","level":"info","message":"Endpoint Created {Domain: /Dev,Endpoint info: {\"path\":\"/a\",\"method\":\"get\",\"header\":{\"Content-Type\":\"application/json\"},\"body\":\"Hello\"}}","charCount":135}
{"time":"2019-04-09T19:52:02.293Z","env":"LOCAL","level":"info","message":"Admin Server : Start Listening at 9000","charCount":38}
{"time":"2019-04-09T19:52:02.293Z","env":"LOCAL","level":"info","message":"Mockable Server : Start Listening at 3000","charCount":41}
{"time":"2019-04-09T19:52:24.032Z","env":"LOCAL","level":"info","message":"Instanced Server","charCount":16}
{"time":"2019-04-09T19:52:24.036Z","env":"LOCAL","level":"info","message":"Apply Endpoint : /Dev/a","charCount":23}
{"time":"2019-04-09T19:52:24.037Z","env":"LOCAL","level":"info","message":"Endpoint Created {Domain: /Dev,Endpoint info: {\"path\":\"/a\",\"method\":\"get\",\"header\":{\"Content-Type\":\"application/json\"},\"body\":\"Hello\"}}","charCount":135}
{"time":"2019-04-09T19:52:24.038Z","env":"LOCAL","level":"info","message":"Admin Server : Start Listening at 9000","charCount":38}
{"time":"2019-04-09T19:52:24.038Z","env":"LOCAL","level":"info","message":"Mockable Server : Start Listening at 3000","charCount":41}
{"time":"2019-04-09T19:52:50.178Z","env":"LOCAL","level":"info","message":"Instanced Server","charCount":16}
{"time":"2019-04-09T19:52:50.182Z","env":"LOCAL","level":"info","message":"Apply Endpoint : /Dev/a","charCount":23}
{"time":"2019-04-09T19:52:50.182Z","env":"LOCAL","level":"info","message":"Endpoint Created {Domain: /Dev,Endpoint info: {\"path\":\"/a\",\"method\":\"get\",\"header\":{\"Content-Type\":\"application/json\"},\"body\":\"Hello\"}}","charCount":135}
{"time":"2019-04-09T19:52:50.184Z","env":"LOCAL","level":"info","message":"Admin Server : Start Listening at 9000","charCount":38}
{"time":"2019-04-09T19:52:50.184Z","env":"LOCAL","level":"info","message":"Mockable Server : Start Listening at 3000","charCount":41}
{"time":"2019-04-09T19:54:28.285Z","env":"LOCAL","level":"info","message":"Instanced Server","charCount":16}
{"time":"2019-04-09T19:54:28.290Z","env":"LOCAL","level":"info","message":"Apply Endpoint : /Dev/a","charCount":23}
{"time":"2019-04-09T19:54:28.290Z","env":"LOCAL","level":"info","message":"Endpoint Created {Domain: /Dev,Endpoint info: {\"path\":\"/a\",\"method\":\"get\",\"header\":{\"Content-Type\":\"application/json\"},\"body\":\"Hello\"}}","charCount":135}
{"time":"2019-04-09T19:54:28.291Z","env":"LOCAL","level":"info","message":"Admin Server : Start Listening at 9000","charCount":38}
{"time":"2019-04-09T19:54:28.292Z","env":"LOCAL","level":"info","message":"Mockable Server : Start Listening at 3000","charCount":41}
{"time":"2019-04-09T19:59:05.529Z","env":"LOCAL","level":"info","message":"Instanced Server","charCount":16}
{"time":"2019-04-09T19:59:05.534Z","env":"LOCAL","level":"info","message":"Apply Endpoint : /Dev/a","charCount":23}
{"time":"2019-04-09T19:59:05.534Z","env":"LOCAL","level":"info","message":"Endpoint Created {Domain: /Dev,Endpoint info: {\"path\":\"/a\",\"method\":\"get\",\"header\":{\"Content-Type\":\"application/json\"},\"body\":\"Hello\"}}","charCount":135}
{"time":"2019-04-09T19:59:05.535Z","env":"LOCAL","level":"info","message":"Admin Server : Start Listening at 9000","charCount":38}
{"time":"2019-04-09T19:59:05.536Z","env":"LOCAL","level":"info","message":"Mockable Server : Start Listening at 3000","charCount":41}
{"time":"2019-04-09T19:59:50.086Z","env":"LOCAL","level":"info","message":"Instanced Server","charCount":16}
{"time":"2019-04-09T19:59:50.090Z","env":"LOCAL","level":"info","message":"Apply Endpoint : /Dev/a","charCount":23}
{"time":"2019-04-09T19:59:50.091Z","env":"LOCAL","level":"info","message":"Endpoint Created {Domain: /Dev,Endpoint info: {\"path\":\"/a\",\"method\":\"get\",\"header\":{\"Content-Type\":\"application/json\"},\"body\":\"Hello\"}}","charCount":135}
{"time":"2019-04-09T19:59:50.092Z","env":"LOCAL","level":"info","message":"Admin Server : Start Listening at 9000","charCount":38}
{"time":"2019-04-09T19:59:50.092Z","env":"LOCAL","level":"info","message":"Mockable Server : Start Listening at 3000","charCount":41}
{"time":"2019-04-09T20:00:25.383Z","env":"LOCAL","level":"info","message":"Instanced Server","charCount":16}
{"time":"2019-04-09T20:00:25.387Z","env":"LOCAL","level":"info","message":"Apply Endpoint : /Dev/a","charCount":23}
{"time":"2019-04-09T20:00:25.388Z","env":"LOCAL","level":"info","message":"Endpoint Created {Domain: /Dev,Endpoint info: {\"path\":\"/a\",\"method\":\"get\",\"header\":{\"Content-Type\":\"application/json\"},\"body\":\"Hello\"}}","charCount":135}
{"time":"2019-04-09T20:00:25.389Z","env":"LOCAL","level":"info","message":"Admin Server : Start Listening at 9000","charCount":38}
{"time":"2019-04-09T20:00:25.389Z","env":"LOCAL","level":"info","message":"Mockable Server : Start Listening at 3000","charCount":41}
{"time":"2019-04-09T20:01:13.852Z","env":"LOCAL","level":"info","message":"Instanced Server","charCount":16}
{"time":"2019-04-09T20:01:13.856Z","env":"LOCAL","level":"info","message":"Apply Endpoint : /Dev/a","charCount":23}
{"time":"2019-04-09T20:01:13.857Z","env":"LOCAL","level":"info","message":"Endpoint Created {Domain: /Dev,Endpoint info: {\"path\":\"/a\",\"method\":\"get\",\"header\":{\"Content-Type\":\"application/json\"},\"body\":\"Hello\"}}","charCount":135}
{"time":"2019-04-09T20:01:13.859Z","env":"LOCAL","level":"info","message":"Admin Server : Start Listening at 9000","charCount":38}
{"time":"2019-04-09T20:01:13.859Z","env":"LOCAL","level":"info","message":"Mockable Server : Start Listening at 3000","charCount":41}
{"time":"2019-04-09T20:01:48.092Z","env":"LOCAL","level":"info","message":"Instanced Server","charCount":16}
{"time":"2019-04-09T20:01:48.097Z","env":"LOCAL","level":"info","message":"Apply Endpoint : /Dev/a","charCount":23}
{"time":"2019-04-09T20:01:48.097Z","env":"LOCAL","level":"info","message":"Endpoint Created {Domain: /Dev,Endpoint info: {\"path\":\"/a\",\"method\":\"get\",\"header\":{\"Content-Type\":\"application/json\"},\"body\":\"Hello\"}}","charCount":135}
{"time":"2019-04-09T20:01:48.098Z","env":"LOCAL","level":"info","message":"Admin Server : Start Listening at 9000","charCount":38}
{"time":"2019-04-09T20:01:48.099Z","env":"LOCAL","level":"info","message":"Mockable Server : Start Listening at 3000","charCount":41}
{"time":"2019-04-09T20:02:05.190Z","env":"LOCAL","level":"info","message":"Instanced Server","charCount":16}
{"time":"2019-04-09T20:02:05.195Z","env":"LOCAL","level":"info","message":"Apply Endpoint : /Dev/a","charCount":23}
{"time":"2019-04-09T20:02:05.196Z","env":"LOCAL","level":"info","message":"Endpoint Created {Domain: /Dev,Endpoint info: {\"path\":\"/a\",\"method\":\"get\",\"header\":{\"Content-Type\":\"application/json\"},\"body\":\"Hello\"}}","charCount":135}
{"time":"2019-04-09T20:02:05.197Z","env":"LOCAL","level":"info","message":"Admin Server : Start Listening at 9000","charCount":38}
{"time":"2019-04-09T20:02:05.197Z","env":"LOCAL","level":"info","message":"Mockable Server : Start Listening at 3000","charCount":41}
{"time":"2019-04-09T20:09:11.842Z","env":"LOCAL","level":"info","message":"Instanced Server","charCount":16}
{"time":"2019-04-09T20:09:11.846Z","env":"LOCAL","level":"info","message":"Apply Endpoint : /Dev/a","charCount":23}
{"time":"2019-04-09T20:09:11.847Z","env":"LOCAL","level":"info","message":"Endpoint Created {Domain: /Dev,Endpoint info: {\"path\":\"/a\",\"method\":\"get\",\"header\":{\"Content-Type\":\"application/json\"},\"body\":\"Hello\"}}","charCount":135}
{"time":"2019-04-09T20:09:11.848Z","env":"LOCAL","level":"info","message":"Admin Server : Start Listening at 9000","charCount":38}
{"time":"2019-04-09T20:09:11.848Z","env":"LOCAL","level":"info","message":"Mockable Server : Start Listening at 3000","charCount":41}
{"time":"2019-04-09T20:09:28.789Z","env":"LOCAL","level":"info","message":"Instanced Server","charCount":16}
{"time":"2019-04-09T20:09:28.794Z","env":"LOCAL","level":"info","message":"Apply Endpoint : /Dev/a","charCount":23}
{"time":"2019-04-09T20:09:28.794Z","env":"LOCAL","level":"info","message":"Endpoint Created {Domain: /Dev,Endpoint info: {\"path\":\"/a\",\"method\":\"get\",\"header\":{\"Content-Type\":\"application/json\"},\"body\":\"Hello\"}}","charCount":135}
{"time":"2019-04-09T20:09:28.795Z","env":"LOCAL","level":"info","message":"Admin Server : Start Listening at 9000","charCount":38}
{"time":"2019-04-09T20:09:28.796Z","env":"LOCAL","level":"info","message":"Mockable Server : Start Listening at 3000","charCount":41}
{"time":"2019-04-09T20:09:49.930Z","env":"LOCAL","level":"info","message":"Instanced Server","charCount":16}
{"time":"2019-04-09T20:09:49.935Z","env":"LOCAL","level":"info","message":"Apply Endpoint : /Dev/a","charCount":23}
{"time":"2019-04-09T20:09:49.936Z","env":"LOCAL","level":"info","message":"Endpoint Created {Domain: /Dev,Endpoint info: {\"path\":\"/a\",\"method\":\"get\",\"header\":{\"Content-Type\":\"application/json\"},\"body\":\"Hello\"}}","charCount":135}
{"time":"2019-04-09T20:09:49.937Z","env":"LOCAL","level":"info","message":"Admin Server : Start Listening at 9000","charCount":38}
{"time":"2019-04-09T20:09:49.938Z","env":"LOCAL","level":"info","message":"Mockable Server : Start Listening at 3000","charCount":41}
{"time":"2019-04-09T20:12:53.499Z","env":"LOCAL","level":"info","message":"Instanced Server","charCount":16}
{"time":"2019-04-09T20:12:53.504Z","env":"LOCAL","level":"info","message":"Apply Endpoint : /Dev/a","charCount":23}
{"time":"2019-04-09T20:12:53.505Z","env":"LOCAL","level":"info","message":"Endpoint Created {Domain: /Dev,Endpoint info: {\"path\":\"/a\",\"method\":\"get\",\"header\":{\"Content-Type\":\"application/json\"},\"body\":\"Hello\"}}","charCount":135}
{"time":"2019-04-09T20:12:53.506Z","env":"LOCAL","level":"info","message":"Admin Server : Start Listening at 9000","charCount":38}
{"time":"2019-04-09T20:12:53.507Z","env":"LOCAL","level":"info","message":"Mockable Server : Start Listening at 3000","charCount":41}
{"time":"2019-04-09T20:13:12.154Z","env":"LOCAL","level":"info","message":"Instanced Server","charCount":16}
{"time":"2019-04-09T20:13:12.158Z","env":"LOCAL","level":"info","message":"Apply Endpoint : /Dev/a","charCount":23}
{"time":"2019-04-09T20:13:12.159Z","env":"LOCAL","level":"info","message":"Endpoint Created {Domain: /Dev,Endpoint info: {\"path\":\"/a\",\"method\":\"get\",\"header\":{\"Content-Type\":\"application/json\"},\"body\":\"Hello\"}}","charCount":135}
{"time":"2019-04-09T20:13:12.160Z","env":"LOCAL","level":"info","message":"Admin Server : Start Listening at 9000","charCount":38}
{"time":"2019-04-09T20:13:12.161Z","env":"LOCAL","level":"info","message":"Mockable Server : Start Listening at 3000","charCount":41}
{"time":"2019-04-09T20:14:13.369Z","env":"LOCAL","level":"info","message":"Instanced Server","charCount":16}
{"time":"2019-04-09T20:14:13.374Z","env":"LOCAL","level":"info","message":"Apply Endpoint : /Dev/a","charCount":23}
{"time":"2019-04-09T20:14:13.374Z","env":"LOCAL","level":"info","message":"Endpoint Created {Domain: /Dev,Endpoint info: {\"path\":\"/a\",\"method\":\"get\",\"header\":{\"Content-Type\":\"application/json\"},\"body\":\"Hello\"}}","charCount":135}
{"time":"2019-04-09T20:14:13.376Z","env":"LOCAL","level":"info","message":"Admin Server : Start Listening at 9000","charCount":38}
{"time":"2019-04-09T20:14:13.376Z","env":"LOCAL","level":"info","message":"Mockable Server : Start Listening at 3000","charCount":41}
{"time":"2019-04-09T20:16:50.184Z","env":"LOCAL","level":"info","message":"Instanced Server","charCount":16}
{"time":"2019-04-09T20:16:50.189Z","env":"LOCAL","level":"info","message":"Apply Endpoint : /Dev/a","charCount":23}
{"time":"2019-04-09T20:16:50.189Z","env":"LOCAL","level":"info","message":"Endpoint Created {Domain: /Dev,Endpoint info: {\"path\":\"/a\",\"method\":\"get\",\"header\":{\"Content-Type\":\"application/json\"},\"body\":\"Hello\"}}","charCount":135}
{"time":"2019-04-09T20:16:50.191Z","env":"LOCAL","level":"info","message":"Admin Server : Start Listening at 9000","charCount":38}
{"time":"2019-04-09T20:16:50.192Z","env":"LOCAL","level":"info","message":"Mockable Server : Start Listening at 3000","charCount":41}
{"time":"2019-04-09T20:18:22.547Z","env":"LOCAL","level":"info","message":"Instanced Server","charCount":16}
{"time":"2019-04-09T20:18:22.551Z","env":"LOCAL","level":"info","message":"Apply Endpoint : /Dev/a","charCount":23}
{"time":"2019-04-09T20:18:22.552Z","env":"LOCAL","level":"info","message":"Endpoint Created {Domain: /Dev,Endpoint info: {\"path\":\"/a\",\"method\":\"get\",\"header\":{\"Content-Type\":\"application/json\"},\"body\":\"Hello\"}}","charCount":135}
{"time":"2019-04-09T20:18:22.553Z","env":"LOCAL","level":"info","message":"Admin Server : Start Listening at 9000","charCount":38}
{"time":"2019-04-09T20:18:22.554Z","env":"LOCAL","level":"info","message":"Mockable Server : Start Listening at 3000","charCount":41}
{"time":"2019-04-09T20:19:14.024Z","env":"LOCAL","level":"info","message":"Instanced Server","charCount":16}
{"time":"2019-04-09T20:19:14.029Z","env":"LOCAL","level":"info","message":"Apply Endpoint : /Dev/a","charCount":23}
{"time":"2019-04-09T20:19:14.029Z","env":"LOCAL","level":"info","message":"Endpoint Created {Domain: /Dev,Endpoint info: {\"path\":\"/a\",\"method\":\"get\",\"header\":{\"Content-Type\":\"application/json\"},\"body\":\"Hello\"}}","charCount":135}
{"time":"2019-04-09T20:19:14.031Z","env":"LOCAL","level":"info","message":"Admin Server : Start Listening at 9000","charCount":38}
{"time":"2019-04-09T20:19:14.032Z","env":"LOCAL","level":"info","message":"Mockable Server : Start Listening at 3000","charCount":41}
{"time":"2019-04-09T20:19:47.246Z","env":"LOCAL","level":"info","message":"Instanced Server","charCount":16}
{"time":"2019-04-09T20:19:47.251Z","env":"LOCAL","level":"info","message":"Apply Endpoint : /Dev/a","charCount":23}
{"time":"2019-04-09T20:19:47.252Z","env":"LOCAL","level":"info","message":"Endpoint Created {Domain: /Dev,Endpoint info: {\"path\":\"/a\",\"method\":\"get\",\"header\":{\"Content-Type\":\"application/json\"},\"body\":\"Hello\"}}","charCount":135}
{"time":"2019-04-09T20:19:47.253Z","env":"LOCAL","level":"info","message":"Admin Server : Start Listening at 9000","charCount":38}
{"time":"2019-04-09T20:19:47.253Z","env":"LOCAL","level":"info","message":"Mockable Server : Start Listening at 3000","charCount":41}
{"time":"2019-04-09T20:20:37.865Z","env":"LOCAL","level":"info","message":"Instanced Server","charCount":16}
{"time":"2019-04-09T20:20:37.869Z","env":"LOCAL","level":"info","message":"Apply Endpoint : /Dev/a","charCount":23}
{"time":"2019-04-09T20:20:37.870Z","env":"LOCAL","level":"info","message":"Endpoint Created {Domain: /Dev,Endpoint info: {\"path\":\"/a\",\"method\":\"get\",\"header\":{\"Content-Type\":\"application/json\"},\"body\":\"Hello\"}}","charCount":135}
{"time":"2019-04-09T20:20:37.872Z","env":"LOCAL","level":"info","message":"Admin Server : Start Listening at 9000","charCount":38}
{"time":"2019-04-09T20:20:37.873Z","env":"LOCAL","level":"info","message":"Mockable Server : Start Listening at 3000","charCount":41}
{"time":"2019-04-09T20:24:20.939Z","env":"LOCAL","level":"info","message":"Instanced Server","charCount":16}
{"time":"2019-04-09T20:24:20.944Z","env":"LOCAL","level":"info","message":"Apply Endpoint : /Dev/a","charCount":23}
{"time":"2019-04-09T20:24:20.944Z","env":"LOCAL","level":"info","message":"Endpoint Created {Domain: /Dev,Endpoint info: {\"path\":\"/a\",\"method\":\"get\",\"header\":{\"Content-Type\":\"application/json\"},\"body\":\"Hello\"}}","charCount":135}
{"time":"2019-04-09T20:24:20.945Z","env":"LOCAL","level":"info","message":"Admin Server : Start Listening at 9000","charCount":38}
{"time":"2019-04-09T20:24:20.946Z","env":"LOCAL","level":"info","message":"Mockable Server : Start Listening at 3000","charCount":41}
{"time":"2019-04-09T20:25:25.615Z","env":"LOCAL","level":"info","message":"Instanced Server","charCount":16}
{"time":"2019-04-09T20:25:25.619Z","env":"LOCAL","level":"info","message":"Apply Endpoint : /Dev/a","charCount":23}
{"time":"2019-04-09T20:25:25.620Z","env":"LOCAL","level":"info","message":"Endpoint Created {Domain: /Dev,Endpoint info: {\"path\":\"/a\",\"method\":\"get\",\"header\":{\"Content-Type\":\"application/json\"},\"body\":\"Hello\"}}","charCount":135}
{"time":"2019-04-09T20:25:25.621Z","env":"LOCAL","level":"info","message":"Admin Server : Start Listening at 9000","charCount":38}
{"time":"2019-04-09T20:25:25.622Z","env":"LOCAL","level":"info","message":"Mockable Server : Start Listening at 3000","charCount":41}
{"time":"2019-04-09T20:26:12.450Z","env":"LOCAL","level":"info","message":"Instanced Server","charCount":16}
{"time":"2019-04-09T20:26:12.454Z","env":"LOCAL","level":"info","message":"Apply Endpoint : /Dev/a","charCount":23}
{"time":"2019-04-09T20:26:12.455Z","env":"LOCAL","level":"info","message":"Endpoint Created {Domain: /Dev,Endpoint info: {\"path\":\"/a\",\"method\":\"get\",\"header\":{\"Content-Type\":\"application/json\"},\"body\":\"Hello\"}}","charCount":135}
{"time":"2019-04-09T20:26:12.456Z","env":"LOCAL","level":"info","message":"Admin Server : Start Listening at 9000","charCount":38}
{"time":"2019-04-09T20:26:12.457Z","env":"LOCAL","level":"info","message":"Mockable Server : Start Listening at 3000","charCount":41}
{"time":"2019-04-10T14:17:11.823Z","env":"LOCAL","level":"info","message":"Instanced Server","charCount":16}
{"time":"2019-04-10T14:17:11.828Z","env":"LOCAL","level":"info","message":"Apply Endpoint : /Dev/a","charCount":23}
{"time":"2019-04-10T14:17:11.828Z","env":"LOCAL","level":"info","message":"Endpoint Created {Domain: /Dev,Endpoint info: {\"path\":\"/a\",\"method\":\"get\",\"header\":{\"Content-Type\":\"application/json\"},\"body\":\"Hello\"}}","charCount":135}
{"time":"2019-04-10T14:17:11.830Z","env":"LOCAL","level":"info","message":"Admin Server : Start Listening at 9000","charCount":38}
{"time":"2019-04-10T14:17:11.830Z","env":"LOCAL","level":"info","message":"Mockable Server : Start Listening at 3000","charCount":41}
{"time":"2019-04-10T14:18:28.741Z","env":"LOCAL","level":"info","message":"Instanced Server","charCount":16}
{"time":"2019-04-10T14:18:28.747Z","env":"LOCAL","level":"info","message":"Apply Endpoint : /Dev/a","charCount":23}
{"time":"2019-04-10T14:18:28.747Z","env":"LOCAL","level":"info","message":"Endpoint Created {Domain: /Dev,Endpoint info: {\"path\":\"/a\",\"method\":\"get\",\"header\":{\"Content-Type\":\"application/json\"},\"body\":\"Hello\"}}","charCount":135}
{"time":"2019-04-10T14:18:28.749Z","env":"LOCAL","level":"info","message":"Admin Server : Start Listening at 9000","charCount":38}
{"time":"2019-04-10T14:18:28.750Z","env":"LOCAL","level":"info","message":"Mockable Server : Start Listening at 3000","charCount":41}
{"time":"2019-04-10T16:38:20.742Z","env":"LOCAL","level":"info","message":"Instanced Server","charCount":16}
{"time":"2019-04-10T16:38:20.747Z","env":"LOCAL","level":"info","message":"Apply Endpoint : /Dev/a","charCount":23}
{"time":"2019-04-10T16:38:20.747Z","env":"LOCAL","level":"info","message":"Endpoint Created {Domain: /Dev,Endpoint info: {\"path\":\"/a\",\"method\":\"get\",\"header\":{\"Content-Type\":\"application/json\"},\"body\":\"Hello\"}}","charCount":135}
{"time":"2019-04-10T16:38:20.749Z","env":"LOCAL","level":"info","message":"Admin Server : Start Listening at 9000","charCount":38}
{"time":"2019-04-10T16:38:20.749Z","env":"LOCAL","level":"info","message":"Mockable Server : Start Listening at 3000","charCount":41}
{"time":"2019-04-10T16:39:30.963Z","env":"LOCAL","level":"info","message":"Instanced Server","charCount":16}
{"time":"2019-04-10T16:39:30.968Z","env":"LOCAL","level":"info","message":"Apply Endpoint : /Dev/a","charCount":23}
{"time":"2019-04-10T16:39:30.969Z","env":"LOCAL","level":"info","message":"Endpoint Created {Domain: /Dev,Endpoint info: {\"path\":\"/a\",\"method\":\"get\",\"header\":{\"Content-Type\":\"application/json\"},\"body\":\"Hello\"}}","charCount":135}
{"time":"2019-04-10T16:39:30.970Z","env":"LOCAL","level":"info","message":"Admin Server : Start Listening at 9000","charCount":38}
{"time":"2019-04-10T16:39:30.971Z","env":"LOCAL","level":"info","message":"Mockable Server : Start Listening at 3000","charCount":41}
{"time":"2019-04-10T16:40:07.866Z","env":"LOCAL","level":"info","message":"Instanced Server","charCount":16}
{"time":"2019-04-10T16:40:07.870Z","env":"LOCAL","level":"info","message":"Apply Endpoint : /Dev/a","charCount":23}
{"time":"2019-04-10T16:40:07.871Z","env":"LOCAL","level":"info","message":"Endpoint Created {Domain: /Dev,Endpoint info: {\"path\":\"/a\",\"method\":\"get\",\"header\":{\"Content-Type\":\"application/json\"},\"body\":\"Hello\"}}","charCount":135}
{"time":"2019-04-10T16:40:07.873Z","env":"LOCAL","level":"info","message":"Admin Server : Start Listening at 9000","charCount":38}
{"time":"2019-04-10T16:40:07.873Z","env":"LOCAL","level":"info","message":"Mockable Server : Start Listening at 3000","charCount":41}
{"time":"2019-04-10T16:42:11.562Z","env":"LOCAL","level":"info","message":"Instanced Server","charCount":16}
{"time":"2019-04-10T16:42:11.567Z","env":"LOCAL","level":"info","message":"Apply Endpoint : /Dev/a","charCount":23}
{"time":"2019-04-10T16:42:11.567Z","env":"LOCAL","level":"info","message":"Endpoint Created {Domain: /Dev,Endpoint info: {\"path\":\"/a\",\"method\":\"get\",\"header\":{\"Content-Type\":\"application/json\"},\"body\":\"Hello\"}}","charCount":135}
{"time":"2019-04-10T16:42:11.569Z","env":"LOCAL","level":"info","message":"Admin Server : Start Listening at 9000","charCount":38}
{"time":"2019-04-10T16:42:11.569Z","env":"LOCAL","level":"info","message":"Mockable Server : Start Listening at 3000","charCount":41}
{"time":"2019-04-10T16:43:06.091Z","env":"LOCAL","level":"info","message":"Instanced Server","charCount":16}
{"time":"2019-04-10T16:43:06.096Z","env":"LOCAL","level":"info","message":"Apply Endpoint : /Dev/a","charCount":23}
{"time":"2019-04-10T16:43:06.096Z","env":"LOCAL","level":"info","message":"Endpoint Created {Domain: /Dev,Endpoint info: {\"path\":\"/a\",\"method\":\"get\",\"header\":{\"Content-Type\":\"application/json\"},\"body\":\"Hello\"}}","charCount":135}
{"time":"2019-04-10T16:43:06.098Z","env":"LOCAL","level":"info","message":"Admin Server : Start Listening at 9000","charCount":38}
{"time":"2019-04-10T16:43:06.099Z","env":"LOCAL","level":"info","message":"Mockable Server : Start Listening at 3000","charCount":41}
{"time":"2019-04-10T16:44:27.929Z","env":"LOCAL","level":"info","message":"Instanced Server","charCount":16}
{"time":"2019-04-10T16:44:27.934Z","env":"LOCAL","level":"info","message":"Apply Endpoint : /Dev/a","charCount":23}
{"time":"2019-04-10T16:44:27.935Z","env":"LOCAL","level":"info","message":"Endpoint Created {Domain: /Dev,Endpoint info: {\"path\":\"/a\",\"method\":\"get\",\"header\":{\"Content-Type\":\"application/json\"},\"body\":\"Hello\"}}","charCount":135}
{"time":"2019-04-10T16:44:27.937Z","env":"LOCAL","level":"info","message":"Admin Server : Start Listening at 9000","charCount":38}
{"time":"2019-04-10T16:44:27.938Z","env":"LOCAL","level":"info","message":"Mockable Server : Start Listening at 3000","charCount":41}
{"time":"2019-04-10T16:46:49.671Z","env":"LOCAL","level":"info","message":"Instanced Server","charCount":16}
{"time":"2019-04-10T16:46:49.676Z","env":"LOCAL","level":"info","message":"Apply Endpoint : /Dev/a","charCount":23}
{"time":"2019-04-10T16:46:49.676Z","env":"LOCAL","level":"info","message":"Endpoint Created {Domain: /Dev,Endpoint info: {\"path\":\"/a\",\"method\":\"get\",\"header\":{\"Content-Type\":\"application/json\"},\"body\":\"Hello\"}}","charCount":135}
{"time":"2019-04-10T16:46:49.677Z","env":"LOCAL","level":"info","message":"Admin Server : Start Listening at 9000","charCount":38}
{"time":"2019-04-10T16:46:49.678Z","env":"LOCAL","level":"info","message":"Mockable Server : Start Listening at 3000","charCount":41}
{"time":"2019-04-10T16:49:15.655Z","env":"LOCAL","level":"info","message":"Instanced Server","charCount":16}
{"time":"2019-04-10T16:49:15.659Z","env":"LOCAL","level":"info","message":"Apply Endpoint : /Dev/a","charCount":23}
{"time":"2019-04-10T16:49:15.660Z","env":"LOCAL","level":"info","message":"Endpoint Created {Domain: /Dev,Endpoint info: {\"path\":\"/a\",\"method\":\"get\",\"header\":{\"Content-Type\":\"application/json\"},\"body\":\"Hello\"}}","charCount":135}
{"time":"2019-04-10T16:49:15.661Z","env":"LOCAL","level":"info","message":"Admin Server : Start Listening at 9000","charCount":38}
{"time":"2019-04-10T16:49:15.661Z","env":"LOCAL","level":"info","message":"Mockable Server : Start Listening at 3000","charCount":41}
{"time":"2019-04-10T16:53:04.700Z","env":"LOCAL","level":"info","message":"Instanced Server","charCount":16}
{"time":"2019-04-10T16:53:04.704Z","env":"LOCAL","level":"info","message":"Apply Endpoint : /Dev/a","charCount":23}
{"time":"2019-04-10T16:53:04.705Z","env":"LOCAL","level":"info","message":"Endpoint Created {Domain: /Dev,Endpoint info: {\"path\":\"/a\",\"method\":\"get\",\"header\":{\"Content-Type\":\"application/json\"},\"body\":\"Hello\"}}","charCount":135}
{"time":"2019-04-10T16:53:04.706Z","env":"LOCAL","level":"info","message":"Admin Server : Start Listening at 9000","charCount":38}
{"time":"2019-04-10T16:53:04.706Z","env":"LOCAL","level":"info","message":"Mockable Server : Start Listening at 3000","charCount":41}
{"time":"2019-04-10T16:53:54.912Z","env":"LOCAL","level":"info","message":"Instanced Server","charCount":16}
{"time":"2019-04-10T16:53:54.916Z","env":"LOCAL","level":"info","message":"Apply Endpoint : /Dev/a","charCount":23}
{"time":"2019-04-10T16:53:54.917Z","env":"LOCAL","level":"info","message":"Endpoint Created {Domain: /Dev,Endpoint info: {\"path\":\"/a\",\"method\":\"get\",\"header\":{\"Content-Type\":\"application/json\"},\"body\":\"Hello\"}}","charCount":135}
{"time":"2019-04-10T16:53:54.918Z","env":"LOCAL","level":"info","message":"Admin Server : Start Listening at 9000","charCount":38}
{"time":"2019-04-10T16:53:54.918Z","env":"LOCAL","level":"info","message":"Mockable Server : Start Listening at 3000","charCount":41}
{"time":"2019-04-10T16:54:29.370Z","env":"LOCAL","level":"info","message":"Instanced Server","charCount":16}
{"time":"2019-04-10T16:54:29.375Z","env":"LOCAL","level":"info","message":"Apply Endpoint : /Dev/a","charCount":23}
{"time":"2019-04-10T16:54:29.375Z","env":"LOCAL","level":"info","message":"Endpoint Created {Domain: /Dev,Endpoint info: {\"path\":\"/a\",\"method\":\"get\",\"header\":{\"Content-Type\":\"application/json\"},\"body\":\"Hello\"}}","charCount":135}
{"time":"2019-04-10T16:54:29.376Z","env":"LOCAL","level":"info","message":"Admin Server : Start Listening at 9000","charCount":38}
{"time":"2019-04-10T16:54:29.377Z","env":"LOCAL","level":"info","message":"Mockable Server : Start Listening at 3000","charCount":41}
{"time":"2019-04-10T16:58:20.302Z","env":"LOCAL","level":"info","message":"Instanced Server","charCount":16}
{"time":"2019-04-10T16:58:20.306Z","env":"LOCAL","level":"info","message":"Apply Endpoint : /Dev/a","charCount":23}
{"time":"2019-04-10T16:58:20.307Z","env":"LOCAL","level":"info","message":"Endpoint Created {Domain: /Dev,Endpoint info: {\"path\":\"/a\",\"method\":\"get\",\"header\":{\"Content-Type\":\"application/json\"},\"body\":\"Hello\"}}","charCount":135}
{"time":"2019-04-10T16:58:20.308Z","env":"LOCAL","level":"info","message":"Admin Server : Start Listening at 9000","charCount":38}
{"time":"2019-04-10T16:58:20.309Z","env":"LOCAL","level":"info","message":"Mockable Server : Start Listening at 3000","charCount":41}
{"time":"2019-04-10T17:02:56.698Z","env":"LOCAL","level":"info","message":"Instanced Server","charCount":16}
{"time":"2019-04-10T17:02:56.703Z","env":"LOCAL","level":"info","message":"Apply Endpoint : /Dev/a","charCount":23}
{"time":"2019-04-10T17:02:56.703Z","env":"LOCAL","level":"info","message":"Endpoint Created {Domain: /Dev,Endpoint info: {\"path\":\"/a\",\"method\":\"get\",\"header\":{\"Content-Type\":\"application/json\"},\"body\":\"Hello\"}}","charCount":135}
{"time":"2019-04-10T17:02:56.704Z","env":"LOCAL","level":"info","message":"Admin Server : Start Listening at 9000","charCount":38}
{"time":"2019-04-10T17:02:56.705Z","env":"LOCAL","level":"info","message":"Mockable Server : Start Listening at 3000","charCount":41}
{"time":"2019-04-10T17:03:26.604Z","env":"LOCAL","level":"info","message":"Instanced Server","charCount":16}
{"time":"2019-04-10T17:03:26.609Z","env":"LOCAL","level":"info","message":"Apply Endpoint : /Dev/a","charCount":23}
{"time":"2019-04-10T17:03:26.609Z","env":"LOCAL","level":"info","message":"Endpoint Created {Domain: /Dev,Endpoint info: {\"path\":\"/a\",\"method\":\"get\",\"header\":{\"Content-Type\":\"application/json\"},\"body\":\"Hello\"}}","charCount":135}
{"time":"2019-04-10T17:03:26.611Z","env":"LOCAL","level":"info","message":"Admin Server : Start Listening at 9000","charCount":38}
{"time":"2019-04-10T17:03:26.611Z","env":"LOCAL","level":"info","message":"Mockable Server : Start Listening at 3000","charCount":41}
{"time":"2019-04-10T17:18:01.134Z","env":"LOCAL","level":"info","message":"Instanced Server","charCount":16}
{"time":"2019-04-10T17:18:01.139Z","env":"LOCAL","level":"info","message":"Apply Endpoint : /Dev/a","charCount":23}
{"time":"2019-04-10T17:18:01.139Z","env":"LOCAL","level":"info","message":"Endpoint Created {Domain: /Dev,Endpoint info: {\"path\":\"/a\",\"method\":\"get\",\"header\":{\"Content-Type\":\"application/json\"},\"body\":\"Hello\"}}","charCount":135}
{"time":"2019-04-10T17:18:01.140Z","env":"LOCAL","level":"info","message":"Admin Server : Start Listening at 9000","charCount":38}
{"time":"2019-04-10T17:18:01.141Z","env":"LOCAL","level":"info","message":"Mockable Server : Start Listening at 3000","charCount":41}
{"time":"2019-04-10T17:18:10.730Z","env":"LOCAL","level":"info","message":"Logged User : [object Object]","charCount":29}
{"time":"2019-04-10T17:18:10.731Z","env":"LOCAL","level":"info","message":"Need To Reset Default Password","charCount":30}
{"time":"2019-04-10T17:18:10.733Z","env":"LOCAL","level":"info","message":"Logged In : user","charCount":16}
{"time":"2019-04-10T17:18:50.993Z","env":"LOCAL","level":"info","message":"Instanced Server","charCount":16}
{"time":"2019-04-10T17:18:50.998Z","env":"LOCAL","level":"info","message":"Apply Endpoint : /Dev/a","charCount":23}
{"time":"2019-04-10T17:18:50.999Z","env":"LOCAL","level":"info","message":"Endpoint Created {Domain: /Dev,Endpoint info: {\"path\":\"/a\",\"method\":\"get\",\"header\":{\"Content-Type\":\"application/json\"},\"body\":\"Hello\"}}","charCount":135}
{"time":"2019-04-10T17:18:51.000Z","env":"LOCAL","level":"info","message":"Admin Server : Start Listening at 9000","charCount":38}
{"time":"2019-04-10T17:18:51.001Z","env":"LOCAL","level":"info","message":"Mockable Server : Start Listening at 3000","charCount":41}
{"time":"2019-04-10T17:19:04.604Z","env":"LOCAL","level":"info","message":"Logged User : [object Object]","charCount":29}
{"time":"2019-04-10T17:19:51.493Z","env":"LOCAL","level":"info","message":"Instanced Server","charCount":16}
{"time":"2019-04-10T17:19:51.497Z","env":"LOCAL","level":"info","message":"Apply Endpoint : /Dev/a","charCount":23}
{"time":"2019-04-10T17:19:51.498Z","env":"LOCAL","level":"info","message":"Endpoint Created {Domain: /Dev,Endpoint info: {\"path\":\"/a\",\"method\":\"get\",\"header\":{\"Content-Type\":\"application/json\"},\"body\":\"Hello\"}}","charCount":135}
{"time":"2019-04-10T17:19:51.499Z","env":"LOCAL","level":"info","message":"Admin Server : Start Listening at 9000","charCount":38}
{"time":"2019-04-10T17:19:51.499Z","env":"LOCAL","level":"info","message":"Mockable Server : Start Listening at 3000","charCount":41}
{"time":"2019-04-10T17:19:56.597Z","env":"LOCAL","level":"info","message":"Logged User : {\"userId\":null,\"username\":\"user\",\"action\":false}","charCount":62}
{"time":"2019-04-10T17:19:56.597Z","env":"LOCAL","level":"info","message":"Not Valid User : {\"userId\":null,\"username\":\"user\",\"action\":false}","charCount":65}
{"time":"2019-04-10T17:20:06.543Z","env":"LOCAL","level":"info","message":"Logged User : {\"userId\":\"42e2acb0-5b00-11e9-bece-f7c9ef1c5cfc\",\"username\":\"user\",\"action\":true}","charCount":95}
{"time":"2019-04-10T17:20:06.544Z","env":"LOCAL","level":"info","message":"Need To Reset Default Password","charCount":30}
{"time":"2019-04-10T17:20:06.547Z","env":"LOCAL","level":"info","message":"Logged In : user","charCount":16}
{"time":"2019-04-10T17:20:54.110Z","env":"LOCAL","level":"info","message":"Instanced Server","charCount":16}
{"time":"2019-04-10T17:20:54.115Z","env":"LOCAL","level":"info","message":"Apply Endpoint : /Dev/a","charCount":23}
{"time":"2019-04-10T17:20:54.115Z","env":"LOCAL","level":"info","message":"Endpoint Created {Domain: /Dev,Endpoint info: {\"path\":\"/a\",\"method\":\"get\",\"header\":{\"Content-Type\":\"application/json\"},\"body\":\"Hello\"}}","charCount":135}
{"time":"2019-04-10T17:20:54.117Z","env":"LOCAL","level":"info","message":"Admin Server : Start Listening at 9000","charCount":38}
{"time":"2019-04-10T17:20:54.117Z","env":"LOCAL","level":"info","message":"Mockable Server : Start Listening at 3000","charCount":41}
{"time":"2019-04-10T17:21:02.043Z","env":"LOCAL","level":"info","message":"Logged User : {\"userId\":\"42e2acb0-5b00-11e9-bece-f7c9ef1c5cfc\",\"username\":\"user\",\"action\":true}","charCount":95}
{"time":"2019-04-10T17:21:02.043Z","env":"LOCAL","level":"info","message":"Need To Reset Default Password","charCount":30}
{"time":"2019-04-10T17:21:02.045Z","env":"LOCAL","level":"info","message":"Logged In : user","charCount":16}
{"time":"2019-04-10T17:21:47.901Z","env":"LOCAL","level":"info","message":"Load Domains : [{\"domain\":\"/Dev\",\"paths\":[{\"path\":\"/a\",\"method\":\"get\",\"header\":{\"Content-Type\":\"application/json\"},\"body\":\"Hello\"}]},{\"domain\":\"/QA\",\"paths\":[]}]","charCount":161}
{"time":"2019-04-10T17:22:34.469Z","env":"LOCAL","level":"info","message":"Logged User : {\"userId\":null,\"username\":\"user\",\"action\":false}","charCount":62}
{"time":"2019-04-10T17:22:34.472Z","env":"LOCAL","level":"info","message":"Not Valid User : {\"userId\":null,\"username\":\"user\",\"action\":false}","charCount":65}
{"time":"2019-04-10T17:22:39.711Z","env":"LOCAL","level":"info","message":"Logged User : {\"userId\":\"42e2acb0-5b00-11e9-bece-f7c9ef1c5cfc\",\"username\":\"user\",\"action\":true}","charCount":95}
{"time":"2019-04-10T17:22:39.714Z","env":"LOCAL","level":"info","message":"Logged In : user","charCount":16}
{"time":"2019-04-10T17:22:39.715Z","env":"LOCAL","level":"info","message":"Not Valid User : {\"userId\":\"42e2acb0-5b00-11e9-bece-f7c9ef1c5cfc\",\"username\":\"user\",\"action\":true}","charCount":98}
{"time":"2019-04-10T17:22:39.723Z","env":"LOCAL","level":"info","message":"Load Domains : [{\"domain\":\"/Dev\",\"paths\":[{\"path\":\"/a\",\"method\":\"get\",\"header\":{\"Content-Type\":\"application/json\"},\"body\":\"Hello\"}]},{\"domain\":\"/QA\",\"paths\":[]}]","charCount":161}
{"time":"2019-04-10T17:23:48.757Z","env":"LOCAL","level":"info","message":"Logged User : {\"userId\":\"42e2acb0-5b00-11e9-bece-f7c9ef1c5cfc\",\"username\":\"user\",\"action\":true}","charCount":95}
{"time":"2019-04-10T17:23:48.758Z","env":"LOCAL","level":"info","message":"Logged In : user","charCount":16}
{"time":"2019-04-10T17:23:48.761Z","env":"LOCAL","level":"info","message":"Not Valid User : {\"userId\":\"42e2acb0-5b00-11e9-bece-f7c9ef1c5cfc\",\"username\":\"user\",\"action\":true}","charCount":98}
{"time":"2019-04-10T17:23:48.774Z","env":"LOCAL","level":"info","message":"Load Domains : [{\"domain\":\"/Dev\",\"paths\":[{\"path\":\"/a\",\"method\":\"get\",\"header\":{\"Content-Type\":\"application/json\"},\"body\":\"Hello\"}]},{\"domain\":\"/QA\",\"paths\":[]}]","charCount":161}
